-------------------------------------------------------------------------------
>Log Session: Saturday, July 13, 2013 5:49:36 PM EDT
>System Info: 
  Product Version         = NetBeans IDE 7.3.1 (Build 201306052037) (#f255eab72f59)
  Operating System        = Mac OS X version 10.8.4 running on x86_64
  Java; VM; Vendor        = 1.7.0_25; Java HotSpot(TM) 64-Bit Server VM 23.25-b01; Oracle Corporation
  Runtime                 = Java(TM) SE Runtime Environment 1.7.0_25-b15
  Java Home               = /Library/Java/JavaVirtualMachines/jdk1.7.0_25.jdk/Contents/Home/jre
  System Locale; Encoding = en_US (nb); US-ASCII
  Home Directory          = /var/root
  Current Directory       = /Applications/NetBeans/NetBeans 7.3.1.app/Contents/Resources/NetBeans/bin
  User Directory          = /tmp/tmpnb
  Cache Directory         = /tmp/tmpnb/var/cache
  Installation            = /Applications/NetBeans/NetBeans 7.3.1.app/Contents/Resources/NetBeans/nb
                            /Applications/NetBeans/NetBeans 7.3.1.app/Contents/Resources/NetBeans/ide
                            /Applications/NetBeans/NetBeans 7.3.1.app/Contents/Resources/NetBeans/java
                            /Applications/NetBeans/NetBeans 7.3.1.app/Contents/Resources/NetBeans/apisupport
                            /Applications/NetBeans/NetBeans 7.3.1.app/Contents/Resources/NetBeans/websvccommon
                            /Applications/NetBeans/NetBeans 7.3.1.app/Contents/Resources/NetBeans/profiler
                            /Applications/NetBeans/NetBeans 7.3.1.app/Contents/Resources/NetBeans/harness
                            /Applications/NetBeans/NetBeans 7.3.1.app/Contents/Resources/NetBeans/javafx
                            /Applications/NetBeans/NetBeans 7.3.1.app/Contents/Resources/NetBeans/platform
  Boot & Ext. Classpath   = /Library/Java/JavaVirtualMachines/jdk1.7.0_25.jdk/Contents/Home/jre/lib/resources.jar:/Library/Java/JavaVirtualMachines/jdk1.7.0_25.jdk/Contents/Home/jre/lib/rt.jar:/Library/Java/JavaVirtualMachines/jdk1.7.0_25.jdk/Contents/Home/jre/lib/sunrsasign.jar:/Library/Java/JavaVirtualMachines/jdk1.7.0_25.jdk/Contents/Home/jre/lib/jsse.jar:/Library/Java/JavaVirtualMachines/jdk1.7.0_25.jdk/Contents/Home/jre/lib/jce.jar:/Library/Java/JavaVirtualMachines/jdk1.7.0_25.jdk/Contents/Home/jre/lib/charsets.jar:/Library/Java/JavaVirtualMachines/jdk1.7.0_25.jdk/Contents/Home/jre/lib/jfr.jar:/Library/Java/JavaVirtualMachines/jdk1.7.0_25.jdk/Contents/Home/jre/lib/JObjC.jar:/Library/Java/JavaVirtualMachines/jdk1.7.0_25.jdk/Contents/Home/jre/classes:/Library/Java/JavaVirtualMachines/jdk1.7.0_25.jdk/Contents/Home/jre/lib/ext/dnsns.jar:/Library/Java/JavaVirtualMachines/jdk1.7.0_25.jdk/Contents/Home/jre/lib/ext/localedata.jar:/Library/Java/JavaVirtualMachines/jdk1.7.0_25.jdk/Contents/Home/jre/lib/ext/sunec.jar:/Library/Java/JavaVirtualMachines/jdk1.7.0_25.jdk/Contents/Home/jre/lib/ext/sunjce_provider.jar:/Library/Java/JavaVirtualMachines/jdk1.7.0_25.jdk/Contents/Home/jre/lib/ext/sunpkcs11.jar:/Library/Java/JavaVirtualMachines/jdk1.7.0_25.jdk/Contents/Home/jre/lib/ext/zipfs.jar:/System/Library/Java/Extensions/AppleScriptEngine.jar:/System/Library/Java/Extensions/dns_sd.jar:/System/Library/Java/Extensions/j3daudio.jar:/System/Library/Java/Extensions/j3dcore.jar:/System/Library/Java/Extensions/j3dutils.jar:/System/Library/Java/Extensions/jai_codec.jar:/System/Library/Java/Extensions/jai_core.jar:/System/Library/Java/Extensions/mlibwrapper_jai.jar:/System/Library/Java/Extensions/MRJToolkit.jar:/System/Library/Java/Extensions/QTJava.zip:/System/Library/Java/Extensions/vecmath.jar
  Application Classpath   = /Applications/NetBeans/NetBeans 7.3.1.app/Contents/Resources/NetBeans/platform/lib/boot.jar:/Applications/NetBeans/NetBeans 7.3.1.app/Contents/Resources/NetBeans/platform/lib/org-openide-modules.jar:/Applications/NetBeans/NetBeans 7.3.1.app/Contents/Resources/NetBeans/platform/lib/org-openide-util-lookup.jar:/Applications/NetBeans/NetBeans 7.3.1.app/Contents/Resources/NetBeans/platform/lib/org-openide-util.jar:/Applications/NetBeans/NetBeans 7.3.1.app/Contents/Resources/NetBeans/platform/lib/locale/boot_ja.jar:/Applications/NetBeans/NetBeans 7.3.1.app/Contents/Resources/NetBeans/platform/lib/locale/boot_pt_BR.jar:/Applications/NetBeans/NetBeans 7.3.1.app/Contents/Resources/NetBeans/platform/lib/locale/boot_ru.jar:/Applications/NetBeans/NetBeans 7.3.1.app/Contents/Resources/NetBeans/platform/lib/locale/boot_zh_CN.jar:/Applications/NetBeans/NetBeans 7.3.1.app/Contents/Resources/NetBeans/platform/lib/locale/org-openide-modules_ja.jar:/Applications/NetBeans/NetBeans 7.3.1.app/Contents/Resources/NetBeans/platform/lib/locale/org-openide-modules_pt_BR.jar:/Applications/NetBeans/NetBeans 7.3.1.app/Contents/Resources/NetBeans/platform/lib/locale/org-openide-modules_ru.jar:/Applications/NetBeans/NetBeans 7.3.1.app/Contents/Resources/NetBeans/platform/lib/locale/org-openide-modules_zh_CN.jar:/Applications/NetBeans/NetBeans 7.3.1.app/Contents/Resources/NetBeans/platform/lib/locale/org-openide-util-lookup_ja.jar:/Applications/NetBeans/NetBeans 7.3.1.app/Contents/Resources/NetBeans/platform/lib/locale/org-openide-util-lookup_pt_BR.jar:/Applications/NetBeans/NetBeans 7.3.1.app/Contents/Resources/NetBeans/platform/lib/locale/org-openide-util-lookup_ru.jar:/Applications/NetBeans/NetBeans 7.3.1.app/Contents/Resources/NetBeans/platform/lib/locale/org-openide-util-lookup_zh_CN.jar:/Applications/NetBeans/NetBeans 7.3.1.app/Contents/Resources/NetBeans/platform/lib/locale/org-openide-util_ja.jar:/Applications/NetBeans/NetBeans 7.3.1.app/Contents/Resources/NetBeans/platform/lib/locale/org-openide-util_pt_BR.jar:/Applications/NetBeans/NetBeans 7.3.1.app/Contents/Resources/NetBeans/platform/lib/locale/org-openide-util_ru.jar:/Applications/NetBeans/NetBeans 7.3.1.app/Contents/Resources/NetBeans/platform/lib/locale/org-openide-util_zh_CN.jar:/Library/Java/JavaVirtualMachines/jdk1.7.0_25.jdk/Contents/Home/lib/dt.jar:/Library/Java/JavaVirtualMachines/jdk1.7.0_25.jdk/Contents/Home/lib/tools.jar
  Startup Classpath       = /Applications/NetBeans/NetBeans 7.3.1.app/Contents/Resources/NetBeans/platform/core/core.jar:/Applications/NetBeans/NetBeans 7.3.1.app/Contents/Resources/NetBeans/platform/core/org-openide-filesystems.jar:/Applications/NetBeans/NetBeans 7.3.1.app/Contents/Resources/NetBeans/platform/core/locale/core_ja.jar:/Applications/NetBeans/NetBeans 7.3.1.app/Contents/Resources/NetBeans/platform/core/locale/core_pt_BR.jar:/Applications/NetBeans/NetBeans 7.3.1.app/Contents/Resources/NetBeans/platform/core/locale/core_ru.jar:/Applications/NetBeans/NetBeans 7.3.1.app/Contents/Resources/NetBeans/platform/core/locale/core_zh_CN.jar:/Applications/NetBeans/NetBeans 7.3.1.app/Contents/Resources/NetBeans/platform/core/locale/org-openide-filesystems_ja.jar:/Applications/NetBeans/NetBeans 7.3.1.app/Contents/Resources/NetBeans/platform/core/locale/org-openide-filesystems_pt_BR.jar:/Applications/NetBeans/NetBeans 7.3.1.app/Contents/Resources/NetBeans/platform/core/locale/org-openide-filesystems_ru.jar:/Applications/NetBeans/NetBeans 7.3.1.app/Contents/Resources/NetBeans/platform/core/locale/org-openide-filesystems_zh_CN.jar:/Applications/NetBeans/NetBeans 7.3.1.app/Contents/Resources/NetBeans/nb/core/org-netbeans-upgrader.jar:/Applications/NetBeans/NetBeans 7.3.1.app/Contents/Resources/NetBeans/nb/core/locale/core_nb.jar:/Applications/NetBeans/NetBeans 7.3.1.app/Contents/Resources/NetBeans/nb/core/locale/org-netbeans-upgrader_ja.jar:/Applications/NetBeans/NetBeans 7.3.1.app/Contents/Resources/NetBeans/nb/core/locale/org-netbeans-upgrader_pt_BR.jar:/Applications/NetBeans/NetBeans 7.3.1.app/Contents/Resources/NetBeans/nb/core/locale/org-netbeans-upgrader_ru.jar:/Applications/NetBeans/NetBeans 7.3.1.app/Contents/Resources/NetBeans/nb/core/locale/org-netbeans-upgrader_zh_CN.jar
-------------------------------------------------------------------------------
INFO [org.netbeans.modules.netbinox]: Install area set to file:/Applications/NetBeans/NetBeans 7.3.1.app/Contents/Resources/NetBeans/
WARNING [org.netbeans.core.modules]: the modules [org.netbeans.modules.css.visual, org.netbeans.modules.form.nb, org.netbeans.modules.html.editor, org.netbeans.modules.java.project, org.netbeans.modules.options.editor] use org.jdesktop.layout which is deprecated: Use javax.swing.GroupLayout instead. (In form editor: select Form ... in Inspector; change Layout Generation Style to Standard Java 6 code.)
WARNING [org.netbeans.core.modules]: the modules [org.netbeans.modules.editor.structure, org.netbeans.modules.java.editor.lib, org.netbeans.modules.xml.text] use org.netbeans.modules.editor.deprecated.pre65formatting which is deprecated.
WARNING [org.netbeans.core.modules]: the modules [org.netbeans.modules.java.hints, org.netbeans.modules.javadoc, org.netbeans.modules.maven.hints] use org.netbeans.modules.java.hints.legacy.spi which is deprecated: Use Java Hints SPI (org.netbeans.spi.java.hints) instead.
INFO [org.netbeans.core.startup.NbEvents]: Turning on modules:
	org.openide.util.lookup [8.19.1 201306052037]
	org.openide.util [8.29.3 201306052037]
	org.openide.modules [7.35.1 201306052037]
	org.openide.filesystems [8.5.1 201306052037]
	org.netbeans.api.annotations.common/1 [1.17.1 201306052037]
	org.openide.awt [7.55.1 201306052037]
	org.netbeans.api.progress/1 [1.32.1 201306052037]
	org.openide.dialogs [7.28.1 201306052037]
	org.openide.nodes [7.33.2 201306052037]
	org.openide.windows [6.60.1 201306052037]
	org.netbeans.modules.editor.mimelookup/1 [1.29.1 201306052037]
	org.openide.text [6.54.2 201306052037]
	org.netbeans.swing.tabcontrol [1.42.1 201306052037]
	org.netbeans.swing.outline [1.23.3 201306052037]
	org.openide.explorer [6.50.3 201306052037]
	org.openide.actions [6.29.1 201306052037]
	org.netbeans.modules.queries/1 [1.32.1 201306052037]
	org.openide.loaders [7.44.3 201306052037]
	org.openide.io [1.35.1 201306052037]
	org.openide.execution [1.30.1 201306052037]
	org.netbeans.upgrader [4.25.2 201306052037]
	org.netbeans.swing.plaf [1.30.1 201306052037]
	org.netbeans.modules.projectapi/1 [1.50.1 201306052037]
	org.netbeans.swing.dirchooser [1.19.1 201306052037]
	org.netbeans.spi.viewmodel/2 [1.39.2 201306052037]
	org.netbeans.spi.tasklist/1 [1.22.1.1 1 201306052037]
	org.netbeans.spi.quicksearch [1.17.1 201306052037]
	org.netbeans.spi.palette/1 [1.35.1 201306052037]
	org.netbeans.spi.navigator/1 [1.27.1 201306052037]
	org.netbeans.libs.javacapi [7.13.1.3 3 201306052037]
	org.netbeans.libs.javacimpl/1 [0.30.2.20 20 201306052037]
	org.netbeans.modules.classfile/1 [1.38.1 201306052037]
	org.netbeans.modules.projectuiapi/1 [1.65.1.8 8 201306052037]
	org.netbeans.modules.project.indexingbridge [1.7.1 201306052037]
	org.netbeans.bootstrap/1 [2.56.2 201306052037]
	org.netbeans.core.startup/1 [1.47.2 201306052037]
	org.netbeans.modules.sampler [1.4.1 201306052037]
	org.netbeans.modules.keyring [1.14.1 201306052037]
	org.netbeans.core/2 [3.37.2 201306052037]
	org.netbeans.modules.options.api/1 [1.31.2 201306052037]
	org.netbeans.api.xml/1 [1.33.1 201306052037]
	org.netbeans.modules.options.java [1.4.1 201306052037]
	org.netbeans.core.multiview/1 [1.32.1 201306052037]
	org.apache.tools.ant.module/3 [3.61.1.2 2 201306052037]
	org.netbeans.api.java.classpath/1 [1.36.1 201306052037]
	org.netbeans.modules.project.libraries/1 [1.41.1 201306052037]
	org.netbeans.api.java/1 [1.43.1 201306052037]
	org.netbeans.modules.java.platform/1 [1.29.1 201306052037]
	org.apache.xml.resolver [1.22.1.12 12 201306052037]
	org.netbeans.modules.xml.catalog/2 [1.31.1.4 4 201306052037]
	org.netbeans.modules.project.ant/1 [1.51.1 201306052037]
	org.jdesktop.layout/1 [1.24.1 201306052037]
	org.netbeans.api.search [1.8.4 201306052037]
	org.netbeans.modules.java.project/1 [1.50.2 201306052037]
	org.netbeans.modules.editor.util/1 [1.52.1 201306052037]
	org.netbeans.modules.lexer/2 [1.49.3.1 1 201306052037]
	org.netbeans.modules.editor.settings/1 [1.46.1 201306052037]
	org.netbeans.modules.editor.lib2/1 [1.71.2.40 40 201306052037]
	org.netbeans.modules.editor.fold/1 [1.32.2.40 201306052037]
	org.netbeans.modules.editor.indent/2 [1.31.1 201306052037]
	org.netbeans.modules.editor.lib/3 [3.33.3.21.40 21 201306052037]
	org.netbeans.modules.editor/3 [1.71.2.5.21.40 5 201306052037]
	org.netbeans.modules.autoupdate.services [1.39.2 201306052037]
	org.netbeans.modules.settings/1 [1.38.2 201306052037]
	org.netbeans.core.windows/2 [2.58.5 201306052037]
	org.netbeans.modules.autoupdate.ui [1.33.1 201306052037]
	org.netbeans.spi.editor.hints/0 [1.28.3.7.40 7 201306052037]
	org.netbeans.modules.editor.errorstripe.api/1 [2.23.1.1 1 201306052037]
	org.netbeans.modules.editor.errorstripe/2 [2.24.1.1.1 1 201306052037]
	org.netbeans.modules.options.keymap [1.25.1 201306052037]
	org.netbeans.modules.editor.settings.storage/1 [1.36.1 201306052037]
	org.netbeans.modules.options.editor/1 [1.37.1 201306052037]
	org.netbeans.modules.diff/1 [1.41.1.42.1 42 201306052037]
	org.netbeans.modules.editor.guards/1 [1.20.1 201306052037]
	org.netbeans.libs.lucene/3 [3.10.1 201306052037]
	org.netbeans.modules.masterfs/2 [2.41.2 201306052037]
	org.netbeans.modules.parsing.lucene/2 [2.20.1.1 1 201306052037]
	org.netbeans.modules.parsing.api/1 [1.62.2.6 6 201306052037]
	org.netbeans.modules.refactoring.api [1.33.2.1 1 201306052037]
	org.netbeans.modules.code.analysis/0 [1.11.1 201306052037]
	org.netbeans.lib.nbjavac [1.5.1.1.20 1 201306052037]
	org.netbeans.modules.java.lexer/1 [1.21.1 201306052037]
	org.netbeans.modules.java.preprocessorbridge [1.29.1.1 1 201306052037]
	org.netbeans.modules.editor.indent.project/0 [1.12.1 201306052037]
	org.netbeans.modules.java.source [0.110.3.23.1.20.6 23 201306052037]
	org.netbeans.spi.java.hints [1.10.3.10.1.20.23.6 10 201306052037]
	org.netbeans.api.debugger/1 [1.40.2 201306052037]
	org.netbeans.spi.debugger.ui/1 [2.37.1 201306052037]
	org.netbeans.modules.xml.core/2 [1.33.1.4 4 201306052037]
	org.netbeans.modules.editor.completion/1 [1.33.1.1 1 201306052037]
	org.netbeans.modules.editor.codetemplates/1 [1.30.1.1 1 201306052037]
	org.netbeans.core.ui/1 [1.35.1 201306052037]
	org.netbeans.modules.jumpto/1 [1.33.1.1 1 201306052037]
	org.netbeans.modules.editor.breadcrumbs/0 [1.5.1 201306052037]
	org.netbeans.modules.csl.api/2 [2.33.3.2.1.1.6 2 201306052037]
	org.netbeans.modules.xml.lexer [1.20.1 201306052037]
	org.netbeans.modules.editor.deprecated.pre65formatting/0 [1.12.2.1.5.21.40 1 201306052037]
	org.netbeans.modules.editor.structure/1 [1.36.1.1 1 201306052037]
	org.netbeans.modules.editor.bracesmatching/0 [1.27.1.40 201306052037]
	org.netbeans.modules.xml.text/2 [1.36.1 201306052037]
	org.netbeans.modules.xml.xam/1 [1.22.1.1 1 201306052037]
	org.netbeans.modules.xml.schema.model/1 [1.22.1.1 1 201306052037]
	org.netbeans.modules.xml.axi [1.21.1 201306052037]
	org.netbeans.modules.xml.retriever/1 [1.21.1 201306052037]
	org.netbeans.modules.xml [1.20.1 201306052037]
	org.netbeans.modules.servletapi/1 [1.30.1 201306052037]
	org.netbeans.modules.httpserver/2 [2.26.2.42 42 201306052037]
	org.netbeans.modules.xsl/1 [1.33.1 201306052037]
	org.netbeans.modules.xml.xdm/1 [1.23.1.1 1 201306052037]
	org.netbeans.modules.xml.wsdl.model/1 [1.23.1.1 1 201306052037]
	org.netbeans.libs.xerces/1 [1.29.1.280 280 201306052037]
	org.netbeans.modules.xml.tax/2 [1.33.1.280 201306052037]
	org.netbeans.modules.xml.tools/2 [1.33.1 201306052037]
	org.netbeans.modules.xml.tools.java [1.19.1 201306052037]
	org.netbeans.modules.xml.schema.completion [1.20.1 201306052037]
	org.netbeans.modules.xml.multiview/1 [1.27.1.2 2 201306052037]
	org.netbeans.modules.xml.jaxb.api/1 [1.16.1 201306052037]
	org.netbeans.modules.xml.jaxb/1 [1.20.1 201306052037]
	org.netbeans.modules.whitelist [1.11.1 201306052037]
	org.netbeans.core.execution/1 [1.31.1 201306052037]
	org.netbeans.modules.favorites/1 [1.32.1 201306052037]
	org.netbeans.modules.sendopts/2 [2.25.1 201306052037]
	org.netbeans.modules.projectui [1.40.2.8 201306052037]
	org.netbeans.modules.welcome/1 [1.32.2 201306052037]
	org.netbeans.core.ide/1 [1.31.1 201306052037]
	org.netbeans.modules.websvc.jaxwsmodelapi/1 [1.17.1 201306052037]
	org.netbeans.modules.websvc.saas.api [1.20.1 201306052037]
	org.netbeans.modules.websvc.saas.ui [1.18.1 201306052037]
	org.netbeans.modules.websvc.saas.services.zvents [1.18.1 201306052037]
	org.netbeans.modules.websvc.saas.services.zillow [1.18.1 201306052037]
	org.netbeans.modules.websvc.saas.services.weatherbug [1.18.1 201306052037]
	org.netbeans.modules.websvc.saas.services.strikeiron [1.18.1 201306052037]
	org.netbeans.modules.websvc.saas.services.google [1.18.1 201306052037]
	org.netbeans.modules.websvc.saas.services.flickr [1.18.1 201306052037]
	org.netbeans.modules.websvc.saas.services.delicious [1.18.1 201306052037]
	org.netbeans.modules.websvc.saas.services.amazon [1.18.1 201306052037]
	org.netbeans.modules.websvc.saas.codegen [1.20.1 201306052037]
	org.netbeans.modules.editor.bookmarks/1 [1.27.1 201306052037]
	org.netbeans.libs.nashorn/1 [1.7.2 201306052037]
	org.netbeans.modules.html.lexer/1 [1.22.1 201306052037]
	org.netbeans.modules.web.common [1.29.2 201306052037]
	org.netbeans.modules.web.browser.api [1.5.1 201306052037]
	org.netbeans.modules.html.editor.lib/3 [3.10.2 201306052037]
	org.netbeans.modules.html/1 [1.48.1 201306052037]
	org.netbeans.libs.antlr3.runtime [1.12.1.1 1 201306052037]
	org.netbeans.modules.css.lib/1 [1.25.1 201306052037]
	org.netbeans.modules.web.indent [1.7.1 201306052037]
	org.netbeans.modules.css.model [1.13.1 201306052037]
	org.netbeans.modules.css.editor/1 [1.40.1 201306052037]
	org.netbeans.modules.html.editor/2 [2.13.2 201306052037]
	org.netbeans.modules.javascript2.editor/1 [0.4.3 201306052037]
	org.netbeans.modules.javascript2.kit/1 [0.3.1 201306052037]
	org.netbeans.core.browser/1 [1.17.1.1 1 201306052037]
	org.netbeans.lib.terminalemulator [1.24.1 201306052037]
	org.netbeans.modules.terminal [1.13.1 201306052037]
	org.netbeans.core.output2/1 [1.30.2 201306052037]
	org.netbeans.modules.editor.plain.lib/1 [1.24.1 201306052037]
	org.netbeans.libs.swingx/1 [1.18.1 201306052037]
	org.netbeans.modules.css.visual/3 [3.13.1 201306052037]
	org.netbeans.modules.editor.actions/1 [1.18.1.40 201306052037]
	org.netbeans.libs.bytelist/1 [0.18.1.1 1 201306052037]
	org.netbeans.libs.jvyamlb/1 [0.20.1 201306052037]
	org.netbeans.modules.languages.yaml [2.22.1 201306052037]
	org.netbeans.modules.properties/1 [1.43.1 201306052037]
	org.netbeans.modules.editor.search [1.11.2.0.40 0 201306052037]
	org.netbeans.modules.languages.manifest [1.22.1 201306052037]
	org.netbeans.modules.languages.diff [1.23.1 201306052037]
	org.netbeans.modules.image/1 [1.38.1 201306052037]
	org.netbeans.libs.json_simple/1 [0.3.1 201306052037]
	org.netbeans.modules.web.webkit.debugging [1.7.2 201306052037]
	org.netbeans.modules.html.navigator [1.3.1 201306052037]
	org.netbeans.modules.html.parser/1 [1.18.1.1 1 201306052037]
	org.apache.commons.logging [1.1.1 1.1.1]
	org.netbeans.modules.html.validation/1 [1.18.1 201306052037]
	org.netbeans.modules.editor.kit [1.22.1 201306052037]
	org.netbeans.modules.utilities/1 [1.47.3 201306052037]
	org.netbeans.modules.tasklist.ui/1 [1.21.2.1 201306052037]
	org.netbeans.modules.tasklist.todo/1 [1.21.1.1 1 201306052037]
	org.netbeans.modules.tasklist.projectint/1 [1.19.1 201306052037]
	org.netbeans.modules.tasklist.kit [1.19.1 201306052037]
	org.netbeans.modules.extexecution/2 [1.36.1 201306052037]
	com.jcraft.jsch [0.1.45 0.1.45]
	org.netbeans.libs.jna/1 [1.25.1 201306052037]
	org.netbeans.modules.dlight.nativeexecution [1.25.5.1 1 201306251214]
	org.netbeans.modules.dlight.terminal [1.13.1.1 1 201306052037]
	org.netbeans.modules.javahelp/1 [2.30.1 201306052037]
	org.netbeans.modules.usersguide/1 [1.39.1 201306052037]
	org.netbeans.modules.print.editor [7.17.1 201306052037]
	org.netbeans.modules.editor.plain/2 [1.25.1 201306052037]
	org.netbeans.libs.osgi [1.12.1 201306052037]
	org.netbeans.libs.felix [2.6.1 201306052037]
	org.netbeans.modules.print [7.16.1 201306052037]
	org.netbeans.modules.autoupdate.cli [1.3.1 201306052037]
	org.netbeans.modules.core.kit [1.20.1 201306052037]
	org.netbeans.modules.editor.macros/0 [1.21.1.1.21 1 201306052037]
	org.netbeans.modules.netserver [1.3.1 201306052037]
	org.netbeans.modules.extbrowser/1 [1.34.2 201306052037]
	org.netbeans.modules.defaults/1 [1.22.2 201306052037]
	org.netbeans.modules.ide.kit [1.22.1 201306052037]
	org.netbeans.modules.websvc.saas.kit [1.18.2 201306052037]
	org.netbeans.modules.websvc.jaxws21api/1 [1.22.1 201306052037]
	org.netbeans.libs.jaxb/1 [1.22.1 201306052037]
	org.netbeans.modules.websvc.jaxws21/1 [1.22.1 201306052037]
	org.netbeans.modules.spellchecker.apimodule [1.15.1 201306052037]
	org.netbeans.modules.versioning.core/1 [1.10.2.1.42 1 201306052037]
	org.netbeans.modules.versioning/1 [1.37.1.1 1 201306052037]
	org.netbeans.modules.versioning.util [1.37.1.42.1 201306052037]
	org.netbeans.modules.versioning.ui/1 [1.9.1.42.1 201306052037]
	org.netbeans.modules.versioning.system.cvss.installer [1.6.1 201306052037]
	org.netbeans.modules.versioning.masterfs [1.4.1 201306052037]
	org.netbeans.modules.versioning.indexingbridge/0 [1.15.1 201306052037]
	org.netbeans.modules.utilities.project/1 [1.27.1 201306052037]
	org.netbeans.modules.updatecenters/1 [1.30.2 201306052037]
	org.netbeans.lib.uihandler [1.34.1 201306052037]
	org.netbeans.modules.uihandler [2.24.3 201306052037]
	org.netbeans.modules.uihandler.exceptionreporter [1.19.1 201306052037]
	org.netbeans.libs.testng/1 [1.4.1 201306052037]
	org.netbeans.modules.maven.embedder/2 [2.36.2 201306052037]
	org.netbeans.modules.maven.model/1 [1.26.1 201306052037]
	org.netbeans.modules.java.sourceui/1 [1.30.1.1.23 1 201306052037]
	org.netbeans.modules.java.api.common/0 [1.42.1 201306052037]
	org.netbeans.api.debugger.jpda/2 [2.39.1 201306052037]
	org.netbeans.modules.maven.indexer/2 [2.21.2 201306052037]
	org.netbeans.modules.swing.validation/2 [1.22.1 201306052037]
	org.netbeans.modules.maven/2 [2.67.3 201306052037]
	org.netbeans.modules.gototest/1 [1.21.1 201306052037]
	org.netbeans.modules.gsf.testrunner/1 [1.31.1 201306052037]
	org.netbeans.modules.java.testrunner [1.5.1 201306052037]
	org.netbeans.modules.testng [2.6.1 201306052037]
	org.netbeans.modules.testng.maven [2.4.1 201306052037]
	org.netbeans.modules.testng.ant [2.4.1 201306052037]
	org.netbeans.libs.svnClientAdapter/1 [1.28.1 201306052037]
	org.netbeans.libs.ini4j/1 [1.21.1 201306052037]
	org.netbeans.modules.subversion [1.29.3.42.1 201306052037]
	org.netbeans.libs.cglib/1 [1.17.1 201306052037]
	org.netbeans.libs.springframework [1.23.1 201306052037]
	org.netbeans.modules.java.navigation/1 [1.28.2 201306052037]
	org.netbeans.modules.refactoring.java/1 [1.41.4.1 1 201306052037]
	org.netbeans.modules.java.editor.lib/1 [1.27.1 201306052037]
	org.netbeans.modules.java.editor/1 [2.49.3.9.1.1 9 201306052037]
	org.netbeans.modules.beans/1 [1.39.1.1.9 1 201306052037]
	org.netbeans.modules.ant.freeform/1 [1.35.1 201306052037]
	org.netbeans.modules.java.freeform/1 [1.33.1 201306052037]
	org.netbeans.modules.java.j2seplatform/1 [1.29.2 201306052037]
	org.netbeans.modules.projectimport.eclipse.core/1 [2.20.1 201306052037]
	org.netbeans.modules.java.hints.legacy.spi/1 [1.5.1.1.10 1 201306052037]
	org.netbeans.modules.java.hints/1 [1.69.3.13.9.1.23.6.1.10 13 201306052037]
	org.netbeans.modules.j2ee.metadata/0 [1.22.1 201306052037]
	org.netbeans.modules.j2ee.metadata.model.support/1 [1.20.2 201306052037]
	org.netbeans.modules.j2ee.persistenceapi/1 [1.26.0.1 1 201306052037]
	org.netbeans.modules.debugger.jpda.ant [1.28.1 201306052037]
	org.netbeans.modules.ant.browsetask [1.31.1 201306052037]
	org.netbeans.modules.java.j2seproject/1 [1.56.1.46 46 201306052037]
	org.netbeans.modules.junit/2 [2.54.1 201306052037]
	org.netbeans.modules.javadoc/1 [1.44.1 201306052037]
	org.netbeans.modules.spellchecker.bindings.java/1 [1.20.1 201306052037]
	org.jdesktop.beansbinding/1 [1.18.1.121 121 201306052037]
	org.netbeans.modules.java.examples/1 [1.26.1 201306052037]
	org.netbeans.modules.i18n/1 [1.43.1 201306052037]
	org.netbeans.modules.findbugs.installer [1.5.1 201306052037]
	org.netbeans.modules.java.debug [1.26.1.1.20.23 1 201306052037]
	org.netbeans.modules.java.hints.ui [1.6.1.1.10 1 201306052037]
	org.netbeans.modules.java.hints.declarative/1 [1.10.2.1.13.1.10 1 201306052037]
	org.netbeans.modules.java.source.ant [1.20.1.1.23 1 201306052037]
	org.netbeans.modules.javawebstart [1.21.2 201306052037]
	org.netbeans.modules.java.helpset/1 [1.19.1 201306052037]
	org.netbeans.modules.ant.debugger/1 [1.27.1.2 201306052037]
	org.netbeans.modules.projectui.buildmenu/1 [1.17.1.1 1 201306052037]
	org.netbeans.modules.ant.kit [1.19.1 201306052037]
	org.netbeans.modules.java.kit [1.21.2 201306052037]
	org.netbeans.modules.j2ee.core.utilities/0 [1.21.2 201306052037]
	org.netbeans.modules.spring.beans/0 [1.27.1.1 1 201306052037]
	org.netbeans.modules.spellchecker [1.25.1.1.7 1 201306052037]
	org.netbeans.modules.spellchecker.kit [1.16.1 201306052037]
	org.netbeans.modules.spellchecker.dictionary_en [1.13.1 201306052037]
	org.netbeans.modules.properties.syntax/1 [1.39.1 201306052037]
	org.netbeans.modules.spellchecker.bindings.properties [1.12.1 201306052037]
	org.netbeans.modules.spellchecker.bindings.htmlxml [1.17.1 201306052037]
	org.netbeans.modules.schema2beans/1 [1.37.1 201306052037]
	org.netbeans.modules.projectimport.eclipse.j2se [1.18.1.46 201306052037]
	org.netbeans.modules.progress.ui [1.23.1 201306052037]
	org.netbeans.modules.profiler.utilities/1 [1.25.1 201306052037]
	org.netbeans.lib.profiler/1 [1.23.2 201306052037]
	org.netbeans.lib.profiler.common/1 [1.23.1 201306052037]
	org.netbeans.modules.profiler.api/1 [1.9.1 201306052037]
	org.netbeans.lib.profiler.charts/1 [1.17.1 201306052037]
	org.netbeans.lib.profiler.ui/1 [1.23.1 201306052037]
	org.netbeans.modules.profiler.attach/2 [2.8.1 201306052037]
	org.netbeans.modules.profiler.selector.api/1 [1.23.1 201306052037]
	org.netbeans.modules.profiler.selector.ui/1 [1.20.1 201306052037]
	org.netbeans.modules.profiler/2 [2.9.2 201306052037]
	org.netbeans.modules.profiler.ppoints [1.8.1 201306052037]
	org.netbeans.modules.profiler.stp [1.6.1 201306052037]
	org.netbeans.modules.profiler.snaptracer/1 [1.11.1 201306052037]
	org.netbeans.modules.profiler.projectsupport [1.22.1 201306052037]
	org.netbeans.modules.profiler.oql/2 [2.6.1 201306052037]
	org.netbeans.modules.profiler.oql.language/0 [0.19.1 201306052037]
	org.netbeans.modules.profiler.options [1.7.1 201306052037]
	org.netbeans.modules.profiler.categorization.api/1 [1.7.1 201306052037]
	org.netbeans.modules.profiler.nbimpl/1 [1.7.1 201306052037]
	org.netbeans.modules.profiler.nbmodule/1 [1.24.1 201306052037]
	org.netbeans.modules.profiler.heapwalker [1.7.2 201306052037]
	org.netbeans.modules.profiler.drilldown/1 [1.6.1 201306052037]
	org.netbeans.modules.profiler.kit [1.7.2 201306052037]
	org.netbeans.modules.profiler.j2se/1 [1.25.1 201306052037]
	org.netbeans.modules.profiler.freeform/1 [1.23.1 201306052037]
	org.netbeans.modules.parsing.ui [1.4.1 201306052037]
	org.netbeans.core.netigso [1.20.1 201306052037]
	org.netbeans.modules.netbinox [1.29.2 201306052037]
	org.eclipse.equinox.common [3.6.0 3.6.0.v20110523]
	org.eclipse.mylyn.tasks.core [3.8.2 3.8.2.v20120916-1200]
	org.eclipse.core.runtime [3.7.0 3.7.0.v20110110]
	org.eclipse.mylyn.commons.net [3.8.2 3.8.2.v20120916-1200]
	org.netbeans.modules.mylyn.util [1.2.1 201306052037]
	org.netbeans.modules.mercurial [1.31.1.42.1 201306052037]
	org.netbeans.modules.maven.spring/1 [1.18.1 201306052037]
	org.netbeans.modules.maven.grammar/1 [1.30.2.1 201306052037]
	org.netbeans.modules.maven.repository/1 [1.29.2 201306052037]
	org.netbeans.modules.maven.refactoring [1.9.1 201306052037]
	org.netbeans.modules.gsf.codecoverage [1.21.1 201306052037]
	org.netbeans.modules.maven.coverage [1.11.1 201306052037]
	org.netbeans.api.visual [2.36.1 201306052037]
	org.netbeans.modules.maven.graph/1 [1.22.1 201306052037]
	org.netbeans.modules.maven.checkstyle [1.7.1 201306052037]
	org.netbeans.modules.maven.osgi/1 [1.20.1 201306052037]
	org.netbeans.modules.maven.kit/1 [4.20.1 201306052037]
	org.netbeans.modules.maven.search [1.22.1 201306052037]
	org.netbeans.modules.maven.profiler/1 [1.20.1 201306052037]
	org.netbeans.modules.maven.persistence/1 [1.19.1 201306052037]
	org.netbeans.modules.maven.junit/1 [1.22.1 201306052037]
	org.netbeans.modules.maven.hints/1 [1.29.1 201306052037]
	org.netbeans.libs.freemarker/1 [2.22.1.238 238 201306052037]
	org.netbeans.modules.apisupport.project/1 [1.60.1 201306052037]
	org.netbeans.modules.maven.apisupport/1 [1.37.2 201306052037]
	org.netbeans.modules.masterfs.macosx [1.4.1 201306052037]
	org.netbeans.modules.localhistory [1.24.1 201306052037]
	org.netbeans.modules.lexer.nbbridge/1 [1.22.1.1 201306052037]
	org.netbeans.modules.keyring.impl [1.10.1 201306052037]
	org.netbeans.modules.javafx2.platform [1.10.1 201306052037]
	org.netbeans.modules.javafx2.project [1.11.3 201306052037]
	org.netbeans.modules.javafx2.editor [1.10.2.9.23 201306052037]
	org.netbeans.modules.javafx2.scenebuilder [1.7.1 201306052037]
	org.netbeans.modules.javafx2.samples [1.7.2 201306052037]
	org.netbeans.modules.debugger.jpda.projects [1.24.1 201306052037]
	org.netbeans.modules.debugger.jpda/2 [1.42.1 201306052037]
	org.netbeans.modules.debugger.jpda.ui/1 [1.30.2 201306052037]
	org.netbeans.modules.debugger.jpda.visual/1 [1.6.2 201306052037]
	org.netbeans.modules.debugger.jpda.kit [1.6.1 201306052037]
	org.netbeans.modules.java.source.queries [1.8.1 201306052037]
	org.netbeans.modules.java.guards/0 [0.21.1 201306052037]
	org.netbeans.modules.form/2 [1.46.2.4 4 201306052037]
	org.netbeans.modules.form.nb/0 [0.8.1.1.4 1 201306052037]
	org.netbeans.modules.form.binding/0 [0.7.1.1.4.1 1 201306052037]
	org.netbeans.modules.form.refactoring/0 [0.7.1.1.4.1 1 201306052037]
	org.netbeans.modules.i18n.form/2 [1.40.1.4.1 201306052037]
	org.netbeans.modules.form.kit [1.19.1 201306052037]
	org.netbeans.modules.db.metadata.model/0 [0.20.1 201306052037]
	org.netbeans.modules.db/1 [1.51.1.30 30 201306052037]
	org.netbeans.modules.dbschema/1 [1.30.1.4.30 4 201306052037]
	org.netbeans.modules.dbapi [1.24.1.30 201306052037]
	org.netbeans.modules.j2ee.eclipselink/1 [1.24 201306052037]
	org.netbeans.modules.j2ee.persistence [1.34.3.1 1 201306052037]
	org.netbeans.modules.db.dataview [1.18.1 201306052037]
	org.netbeans.modules.db.core [1.26.1 201306052037]
	org.netbeans.modules.db.sql.editor [1.26.1.30 201306052037]
	org.netbeans.modules.db.sql.visualeditor/1 [2.21.1.30 201306052037]
	org.netbeans.modules.db.mysql [0.18.1.2 2 201306052037]
	org.netbeans.modules.derby [1.30.1 201306052037]
	org.netbeans.modules.db.drivers [1.20.2 201306052037]
	org.netbeans.modules.db.kit [1.21.1 201306052037]
	org.netbeans.modules.j2ee.eclipselinkmodelgen/1 [1.24 201306052037]
	org.netbeans.modules.j2ee.jpa.verification [1.24.2 201306052037]
	org.netbeans.modules.j2ee.jpa.refactoring [1.21.2 201306052037]
	org.netbeans.modules.j2ee.persistence.kit [1.24 201306052037]
	org.netbeans.modules.javafx2.kit [1.8.1 201306052037]
	org.netbeans.modules.java.source.queriesimpl [1.7.1 201306052037]
	org.netbeans.modules.autoupdate.pluginimporter [1.8.2 201306052037]
	org.netbeans.modules.ide.branding/1 [1.23.1 201306052037]
	org.netbeans.modules.ide.branding.kit [1.19.1 201306052037]
	org.netbeans.libs.commons_net/2 [2.9.1.31 31 201306052037]
	org.netbeans.modules.hudson [1.28.1 201306052037]
	org.netbeans.modules.hudson.tasklist [1.6.1 201306052037]
	org.netbeans.modules.hudson.subversion [1.18.1 201306052037]
	org.netbeans.modules.hudson.mercurial [1.18.1 201306052037]
	org.netbeans.modules.hudson.maven [1.18.1 201306052037]
	org.netbeans.modules.hudson.git [1.7.1 201306052037]
	org.netbeans.modules.hudson.ant [1.16.1 201306052037]
	org.netbeans.modules.hibernatelib/1 [1.17.1.325.238 325 201306052037]
	org.netbeans.modules.hibernate/1 [1.21.2.1 1 201306052037]
	org.eclipse.jgit [1.3.0 1.3.0]
	org.netbeans.libs.git/1 [1.5.1 201306052037]
	org.netbeans.modules.git [1.8.2.1 201306052037]
	org.netbeans.modules.form.j2ee/0 [0.22.2.1.4.1 1 201306052037]
	org.apache.commons.io [1.4 1.4]
	org.netbeans.modules.extexecution.impl [1.15.1 201306052037]
	org.netbeans.modules.editor.mimelookup.impl/1 [1.21.1 201306052037]
	org.netbeans.modules.editor.global.format/1 [1.5.1.1 1 201306052037]
	org.netbeans.modules.debugger.jpda.heapwalk/1 [1.21.2 201306052037]
	org.netbeans.modules.bugtracking [1.39.1 201306052037]
	org.eclipse.mylyn.bugzilla.core [3.8.2 3.8.2.v20120916-1200]
	org.apache.commons.httpclient [3.1.0 3.1.0]
	org.netbeans.modules.bugzilla [1.33.2 201306052037]
	org.netbeans.modules.bugzilla.exceptionreporter [1.12.1 201306052037]
	org.netbeans.modules.bugtracking.bridge [1.22.1 201306052037]
	org.netbeans.modules.applemenu/1 [1.27.1 201306052037]
	org.netbeans.modules.apisupport.wizards [1.7.1 201306052037]
	org.netbeans.modules.apisupport.refactoring [1.25.1 201306052037]
	org.netbeans.modules.apisupport.ant [2.56.1 201306052037]
	org.netbeans.modules.apisupport.paintapp [1.21.1 201306052037]
	org.netbeans.modules.apisupport.osgidemo [1.13.1 201306052037]
	org.netbeans.modules.apisupport.feedreader/1 [1.24.1 201306052037]
	org.netbeans.modules.apisupport.harness [1.33.1 201306052037]
	org.netbeans.libs.nbi.ant [1.13.1 201306052037]
	org.netbeans.libs.nbi.engine [1.12.1 201306052037]
	org.netbeans.modules.apisupport.installer [1.13.1 201306052037]
	org.netbeans.modules.apisupport.crudsample [1.13.2 201306052037]
	org.netbeans.modules.apisupport.kit [1.21.1 201306052037]
	org.netbeans.modules.apisupport.installer.maven [1.12.1 201306052037]
	org.netbeans.modules.ant.grammar/1 [1.34.1 201306052037]
	org.netbeans.libs.svnClientAdapter.svnkit/1 [1.12.1 201306052037]
	org.netbeans.libs.svnClientAdapter.javahl/1 [1.12.1 201306052037]
	org.netbeans.core.nativeaccess/1 [1.19.1 201306052037]
	org.netbeans.core.io.ui/1 [1.20.1 201306052037]
	org.netbeans.core.browser.webview/1 [1.2.3.1.1 1 201306052037]
	org.eclipse.mylyn.commons.xmlrpc [3.8.2 3.8.2.v20120916-1200]
	org.eclipse.mylyn.commons.repositories.core [1.0.2 1.0.2.v20120916-1200]
	org.eclipse.mylyn.commons.core [3.8.2 3.8.2.v20120916-1200]
	org.eclipse.equinox.security [1.1.1 1.1.1.R37x_v20110822-1018]
	org.eclipse.equinox.registry [3.5.200 3.5.200.v20120522-1841]
	org.eclipse.equinox.preferences [3.4.2 3.4.2.v20120111-2020]
	org.eclipse.equinox.app [1.3.100 1.3.100.v20110321]
	org.eclipse.core.runtime.compatibility.auth [3.2.200 3.2.200.v20110110]
	org.eclipse.core.net [1.2.100 1.2.100.I20110511-0800]
	org.eclipse.core.jobs [3.5.101 3.5.101.v20120113-1953]
	org.eclipse.core.contenttype [3.4.100 3.4.100.v20110423-0524]
	org.apache.xmlrpc [3.0.0 3.0.0]
	org.apache.ws.commons.util [1.0.1 1.0.1]
	org.apache.commons.lang [2.4.0 2.4.0]
	org.apache.commons.codec [1.3.0 1.3.0]
	com.jcraft.jzlib [1.0.7 1.0.7]
INFO [org.netbeans.core.netigso.Netigso]: bundle org.eclipse.osgi@3.8.0.v20120529-1548 started
INFO [org.openide.awt.Toolbar]: Too long AWTTask: 618 ms for org.openide.awt.Toolbar$Folder@7809015(FolderList{MultiFileObject@49c64a7f[Toolbars/Debug]})
INFO [org.openide.awt.Toolbar]: Too long AWTTask: 708 ms for org.openide.awt.Toolbar$Folder@973568c(FolderList{MultiFileObject@3b28daf5[Toolbars/Memory]})
WARNING [org.netbeans.TopSecurityManager]: use of system property netbeans.user has been obsoleted in favor of InstalledFileLocator/Places at org.netbeans.modules.uihandler.Installer.logsDirectory(Installer.java:840)
INFO [org.netbeans.core.netigso.Netigso]: bundle org.eclipse.osgi@3.8.0.v20120529-1548 256
INFO [org.netbeans.core.netigso.Netigso]: bundle org.eclipse.osgi@3.8.0.v20120529-1548 stopped
INFO [org.netbeans.core.netigso.Netigso]: bundle org.eclipse.osgi@3.8.0.v20120529-1548 stopped
